<?xml version="1.0" encoding="UTF-8"?>
<!-- Generated by org.testng.reporters.JUnitReportReporter -->
<testsuite skipped="0" hostname="D-184003222" name="com.wipro.chcare.ccc.openCart001_Registration" tests="5" failures="0" timestamp="22 Feb 2018 11:57:03 GMT" time="46.781" errors="0">
  <testcase name="openApp" time="1.034" classname="com.wipro.chcare.ccc.openCart001_Registration"/>
  <testcase name="reviewProd" time="13.900" classname="com.wipro.chcare.ccc.openCart001_Registration"/>
  <testcase name="reviewProd" time="13.906" classname="com.wipro.chcare.ccc.openCart001_Registration"/>
  <testcase name="addToWishList" time="12.172" classname="com.wipro.chcare.ccc.openCart001_Registration"/>
  <testcase name="registration" time="5.769" classname="com.wipro.chcare.ccc.openCart001_Registration"/>
</testsuite> <!-- com.wipro.chcare.ccc.openCart001_Registration -->
