<?xml version="1.0" encoding="UTF-8"?>
<!-- Generated by org.testng.reporters.JUnitReportReporter -->
<testsuite skipped="0" hostname="D-184003222" name="com.wipro.chcare.ccc.openCart006_performingActions_Totalamount" tests="3" failures="0" timestamp="20 Feb 2018 06:07:02 GMT" time="8.732" errors="0">
  <testcase name="performingActions" time="5.980" classname="com.wipro.chcare.ccc.openCart006_performingActions_Totalamount"/>
  <testcase name="loginApp" time="0.732" classname="com.wipro.chcare.ccc.openCart006_performingActions_Totalamount"/>
  <testcase name="openApp" time="2.020" classname="com.wipro.chcare.ccc.openCart006_performingActions_Totalamount"/>
</testsuite> <!-- com.wipro.chcare.ccc.openCart006_performingActions_Totalamount -->
