<?xml version="1.0" encoding="UTF-8"?>
<!-- Generated by org.testng.reporters.JUnitReportReporter -->
<testsuite skipped="0" hostname="D-184003222" name="com.wipro.chcare.ccc.openCart005_GiftVoucher" tests="3" failures="0" timestamp="20 Feb 2018 06:00:54 GMT" time="48.928" errors="0">
  <testcase name="loginapp" time="0.700" classname="com.wipro.chcare.ccc.openCart005_GiftVoucher"/>
  <testcase name="Gift_Vouchers" time="46.526" classname="com.wipro.chcare.ccc.openCart005_GiftVoucher"/>
  <testcase name="openApp" time="1.702" classname="com.wipro.chcare.ccc.openCart005_GiftVoucher"/>
</testsuite> <!-- com.wipro.chcare.ccc.openCart005_GiftVoucher -->
